<?xml version="1.0" encoding="UTF-8"?>
<Site BuildName="Win32-mingw32-make"
	BuildStamp="20250301-0320-Experimental"
	Name="DESKTOP-6IC96OF"
	Generator="ctest-4.0.0-rc2"
	CompilerName="C:/msys64/ucrt64/bin/c++.exe"
	CompilerVersion="14.2.0"
	OSName="Windows"
	Hostname="DESKTOP-6IC96OF"
	OSRelease=" Personal"
	OSVersion=" (Build 26100)"
	OSPlatform="AMD64"
	Is64Bits="1"
	VendorString="GenuineIntel"
	VendorID="Intel Corporation"
	FamilyID="6"
	ModelID="7"
	ModelName=""
	ProcessorCacheSize="-1"
	NumberOfLogicalCPU="12"
	NumberOfPhysicalCPU="6"
	TotalVirtualMemory="26468"
	TotalPhysicalMemory="16228"
	LogicalProcessorsPerPhysical="2"
	ProcessorClockFrequency="2495"
	>
	<Testing>
		<StartDateTime>Feb 28 20:20 US Mountain Standard Time</StartDateTime>
		<StartTestTime>1740799207</StartTestTime>
		<TestList/>
		<EndDateTime>Feb 28 20:20 US Mountain Standard Time</EndDateTime>
		<EndTestTime>1740799207</EndTestTime>
		<ElapsedMinutes>0</ElapsedMinutes>
	</Testing>
</Site>
